<?xml version="1.0" encoding="UTF-8"?>
<testsuite xmlns:xsi="http://www.w3.org/2001/XMLSchema-instance" xsi:noNamespaceSchemaLocation="https://maven.apache.org/surefire/maven-surefire-plugin/xsd/surefire-test-report.xsd" version="3.0.2" name="com.example.submodule.MathHelperSpec" time="0.173" tests="21" errors="0" skipped="0" failures="0">
  <properties>
[...]
</properties>
  <testcase name="should calculate factorial [n: 0, expected: 1, #0]" classname="com.example.submodule.MathHelperSpec" time="0.013"/>
  <testcase name="should calculate factorial [n: 1, expected: 1, #1]" classname="com.example.submodule.MathHelperSpec" time="0.001"/>
  <testcase name="should calculate factorial [n: 5, expected: 120, #2]" classname="com.example.submodule.MathHelperSpec" time="0.0"/>
  <testcase name="should calculate factorial [n: 10, expected: 3628800, #3]" classname="com.example.submodule.MathHelperSpec" time="0.0"/>
  <testcase name="should calculate factorial" classname="com.example.submodule.MathHelperSpec" time="0.151"/>
  <testcase name="should throw exception for negative factorial" classname="com.example.submodule.MathHelperSpec" time="0.01"/>
  <testcase name="should detect that 2 is prime=true" classname="com.example.submodule.MathHelperSpec" time="0.001"/>
  <testcase name="should detect that 3 is prime=true" classname="com.example.submodule.MathHelperSpec" time="0.001"/>
  <testcase name="should detect that 4 is prime=false" classname="com.example.submodule.MathHelperSpec" time="0.0"/>
  <testcase name="should detect that 17 is prime=true" classname="com.example.submodule.MathHelperSpec" time="0.0"/>
  <testcase name="should detect that 25 is prime=false" classname="com.example.submodule.MathHelperSpec" time="0.0"/>
  <testcase name="should detect that 1 is prime=false" classname="com.example.submodule.MathHelperSpec" time="0.0"/>
  <testcase name="should detect that 0 is prime=false" classname="com.example.submodule.MathHelperSpec" time="0.0"/>
  <testcase name="should detect that #n is prime=#expected" classname="com.example.submodule.MathHelperSpec" time="0.005"/>
  <testcase name="should compute fibonacci numbers [n: 0, expected: 0, #0]" classname="com.example.submodule.MathHelperSpec" time="0.0"/>
  <testcase name="should compute fibonacci numbers [n: 1, expected: 1, #1]" classname="com.example.submodule.MathHelperSpec" time="0.0"/>
  <testcase name="should compute fibonacci numbers [n: 2, expected: 1, #2]" classname="com.example.submodule.MathHelperSpec" time="0.0"/>
  <testcase name="should compute fibonacci numbers [n: 5, expected: 5, #3]" classname="com.example.submodule.MathHelperSpec" time="0.0"/>
  <testcase name="should compute fibonacci numbers [n: 10, expected: 55, #4]" classname="com.example.submodule.MathHelperSpec" time="0.0"/>
  <testcase name="should compute fibonacci numbers" classname="com.example.submodule.MathHelperSpec" time="0.004"/>
  <testcase name="should throw exception for negative fibonacci index" classname="com.example.submodule.MathHelperSpec" time="0.001"/>
</testsuite>