<?xml version="1.0" encoding="UTF-8"?>
<testsuite xmlns:xsi="http://www.w3.org/2001/XMLSchema-instance" xsi:noNamespaceSchemaLocation="https://maven.apache.org/surefire/maven-surefire-plugin/xsd/surefire-test-report.xsd" version="3.0.2" name="com.example.submodule.IgnoredSubModuleSpec" time="0.002" tests="2" errors="0" skipped="2" failures="0">
  <properties/>
  <testcase name="this test should be ignored" classname="com.example.submodule.IgnoredSubModuleSpec" time="0.0">
    <skipped message="Ignored to test ignored-class handling in sub-module"/>
  </testcase>
  <testcase name="this test should also be ignored" classname="com.example.submodule.IgnoredSubModuleSpec" time="0.0">
    <skipped message="Ignored to test ignored-class handling in sub-module"/>
  </testcase>
</testsuite>