-------------------------------------------------------------------------------
Test set: com.example.DeliberateFailureSpec
-------------------------------------------------------------------------------
Tests run: 26, Failures: 21, Errors: 0, Skipped: 2, Time elapsed: 0.301 s <<< FAILURE! -- in com.example.DeliberateFailureSpec
com.example.DeliberateFailureSpec.simple equality fails -- Time elapsed: 0.163 s <<< FAILURE!
Condition not satisfied:

1 + 1 == 3
  |   |
  2   false

	at com.example.DeliberateFailureSpec.simple equality fails(DeliberateFailureSpec.groovy:28)

com.example.DeliberateFailureSpec.boolean condition fails -- Time elapsed: 0.016 s <<< FAILURE!
Condition not satisfied:

text.startsWith("goodbye")
|    |
|    false
hello world

	at com.example.DeliberateFailureSpec.boolean condition fails(DeliberateFailureSpec.groovy:39)

com.example.DeliberateFailureSpec.string comparison fails with diff -- Time elapsed: 0.002 s <<< FAILURE!
Condition not satisfied:

actual == expected
|      |  |
|      |  The quick brown cat jumps over the lazy dog
|      false
|      3 differences (93% similarity)
|      The quick brown (fox) jumps over the lazy dog
|      The quick brown (cat) jumps over the lazy dog
The quick brown fox jumps over the lazy dog

	at com.example.DeliberateFailureSpec.string comparison fails with diff(DeliberateFailureSpec.groovy:51)

com.example.DeliberateFailureSpec.list comparison fails -- Time elapsed: 0.002 s <<< FAILURE!
Condition not satisfied:

actual == expected
|      |  |
|      |  [1, 2, 99, 4, 5]
|      false
[1, 2, 3, 4, 5]

	at com.example.DeliberateFailureSpec.list comparison fails(DeliberateFailureSpec.groovy:63)

com.example.DeliberateFailureSpec.map comparison fails -- Time elapsed: 0.001 s <<< FAILURE!
Condition not satisfied:

actual == expected
|      |  |
|      |  [name:Alice, age:31, city:London]
|      false
[name:Alice, age:30, city:Paris]

	at com.example.DeliberateFailureSpec.map comparison fails(DeliberateFailureSpec.groovy:75)

com.example.DeliberateFailureSpec.expected exception is not thrown -- Time elapsed: 0.005 s <<< FAILURE!
Expected exception of type 'java.lang.IllegalArgumentException', but no exception was thrown
	at org.spockframework.lang.SpecInternals.checkExceptionThrown(SpecInternals.java:84)
	at org.spockframework.lang.SpecInternals.thrownImpl(SpecInternals.java:71)
	at com.example.DeliberateFailureSpec.expected exception is not thrown(DeliberateFailureSpec.groovy:86)

com.example.DeliberateFailureSpec.wrong exception type is thrown -- Time elapsed: 0.002 s <<< FAILURE!
Expected exception of type 'java.lang.IllegalArgumentException', but got 'java.lang.UnsupportedOperationException'
	at org.spockframework.lang.SpecInternals.checkExceptionThrown(SpecInternals.java:84)
	at org.spockframework.lang.SpecInternals.thrownImpl(SpecInternals.java:71)
	at com.example.DeliberateFailureSpec.wrong exception type is thrown(DeliberateFailureSpec.groovy:97)
Caused by: java.lang.UnsupportedOperationException: not supported
	at com.example.DeliberateFailureSpec.wrong exception type is thrown(DeliberateFailureSpec.groovy:94)

com.example.DeliberateFailureSpec.exception message does not match -- Time elapsed: 0.003 s <<< FAILURE!
Condition not satisfied:

e.message == "invalid argument"
| |       |
| |       false
| |       15 differences (6% similarity)
| |       (bad )in(put v-)a(l-)u(-)e(--)
| |       (----)in(valid )a(rg)u(m)e(nt)
| bad input value
java.lang.IllegalArgumentException: bad input value
	at com.example.DeliberateFailureSpec.$spock_feature_0_7(DeliberateFailureSpec.groovy:105)

	at com.example.DeliberateFailureSpec.exception message does not match(DeliberateFailureSpec.groovy:109)

com.example.DeliberateFailureSpec.null value fails assertion -- Time elapsed: 0.001 s <<< FAILURE!
Condition not satisfied:

value == "expected non-null"
|     |
null  false

	at com.example.DeliberateFailureSpec.null value fails assertion(DeliberateFailureSpec.groovy:120)

com.example.DeliberateFailureSpec.empty collection is not truthy -- Time elapsed: 0.001 s <<< FAILURE!
Condition not satisfied:

items
|
[]

	at com.example.DeliberateFailureSpec.empty collection is not truthy(DeliberateFailureSpec.groovy:131)

com.example.DeliberateFailureSpec.multiple conditions with first failing -- Time elapsed: 0.003 s <<< FAILURE!
Condition not satisfied:

a > b
| | |
10| 20
  false

	at com.example.DeliberateFailureSpec.multiple conditions with first failing(DeliberateFailureSpec.groovy:143)

com.example.DeliberateFailureSpec.data-driven all-fail: 2 squared is 5 -- Time elapsed: 0.005 s <<< FAILURE!
Condition not satisfied:

input * input == expected
|     | |     |  |
2     4 2     |  5
              false

	at com.example.DeliberateFailureSpec.data-driven all-fail: #input squared is #expected(DeliberateFailureSpec.groovy:171)

com.example.DeliberateFailureSpec.data-driven all-fail: 3 squared is 10 -- Time elapsed: 0.001 s <<< FAILURE!
Condition not satisfied:

input * input == expected
|     | |     |  |
3     9 3     |  10
              false

	at com.example.DeliberateFailureSpec.data-driven all-fail: #input squared is #expected(DeliberateFailureSpec.groovy:171)

com.example.DeliberateFailureSpec.data-driven all-fail: 4 squared is 20 -- Time elapsed: 0.001 s <<< FAILURE!
Condition not satisfied:

input * input == expected
|     | |     |  |
4     | 4     |  20
      16      false

	at com.example.DeliberateFailureSpec.data-driven all-fail: #input squared is #expected(DeliberateFailureSpec.groovy:171)

com.example.DeliberateFailureSpec.given-when-then block with then failing -- Time elapsed: 0.001 s <<< FAILURE!
Condition not satisfied:

result == 99
|      |
30     false

	at com.example.DeliberateFailureSpec.given-when-then block with then failing(DeliberateFailureSpec.groovy:191)

com.example.DeliberateFailureSpec.mock interaction verification fails -- Time elapsed: 0.053 s <<< FAILURE!
Too few invocations for:

1 * list.add("world")   (0 invocations)

Unmatched invocations (ordered by similarity):

1 * list.add('hello')
One or more arguments(s) didn't match:
0: argument == expected
   |        |  |
   hello    |  world
            false
            4 differences (20% similarity)
            (hel)l(o)
            (wor)l(d)


	at org.spockframework.mock.runtime.InteractionScope.verifyInteractions(InteractionScope.java:104)
	at org.spockframework.mock.runtime.MockController.leaveScope(MockController.java:77)
	at com.example.DeliberateFailureSpec.mock interaction verification fails(DeliberateFailureSpec.groovy:202)

com.example.DeliberateFailureSpec.mock expected more invocations than occurred -- Time elapsed: 0 s <<< FAILURE!
Too few invocations for:

3 * list.add("item")   (1 invocation)

Unmatched invocations (ordered by similarity):

None


	at org.spockframework.mock.runtime.InteractionScope.verifyInteractions(InteractionScope.java:104)
	at org.spockframework.mock.runtime.MockController.leaveScope(MockController.java:77)
	at com.example.DeliberateFailureSpec.mock expected more invocations than occurred(DeliberateFailureSpec.groovy:216)

com.example.DeliberateFailureSpec.type coercion fails at runtime -- Time elapsed: 0.001 s <<< FAILURE!
Expected no exception to be thrown, but got 'org.codehaus.groovy.runtime.typehandling.GroovyCastException'
	at spock.lang.Specification.noExceptionThrown(Specification.java:118)
	at com.example.DeliberateFailureSpec.type coercion fails at runtime(DeliberateFailureSpec.groovy:255)
Caused by: org.codehaus.groovy.runtime.typehandling.GroovyCastException: Cannot cast object 'not a number' with class 'java.lang.String' to class 'java.lang.Integer'
	at com.example.DeliberateFailureSpec.type coercion fails at runtime(DeliberateFailureSpec.groovy:252)

com.example.DeliberateFailureSpec.with block assertion fails -- Time elapsed: 0.008 s <<< FAILURE!
Condition not satisfied:

name == "Bob"
|    |
|    false
|    5 differences (0% similarity)
|    (Alice)
|    (Bob--)
Alice

	at com.example.DeliberateFailureSpec.with block assertion fails_closure1(DeliberateFailureSpec.groovy:285)
	at groovy.lang.Closure.call(Closure.java:433)
	at spock.lang.Specification.with(Specification.java:191)
	at com.example.DeliberateFailureSpec.with block assertion fails(DeliberateFailureSpec.groovy:284)

com.example.DeliberateFailureSpec.verifyAll reports multiple failures at once -- Time elapsed: 0.004 s <<< FAILURE!
org.opentest4j.MultipleFailuresError: 
Multiple Failures (2 failures)
	org.spockframework.runtime.SpockComparisonFailure: Condition not satisfied:

name == "Dave"
|    |
|    false
|    5 differences (28% similarity)
|    (Ch)a(rli)e
|    (D-)a(v--)e
Charlie

	org.spockframework.runtime.SpockComparisonFailure: Condition not satisfied:

age  == 50
|    |
40   false

	at org.spockframework.runtime.ErrorInfoCollector.assertEmpty(ErrorInfoCollector.java:32)
	at org.spockframework.runtime.IterationNode.execute(IterationNode.java:51)
	at org.spockframework.runtime.SimpleFeatureNode.execute(SimpleFeatureNode.java:58)
	at org.spockframework.runtime.SimpleFeatureNode.execute(SimpleFeatureNode.java:15)
	at org.spockframework.runtime.SpockNode.sneakyInvoke(SpockNode.java:40)
	at org.spockframework.runtime.IterationNode.lambda$around$0(IterationNode.java:67)
	at org.spockframework.runtime.PlatformSpecRunner.lambda$createMethodInfoForDoRunIteration$5(PlatformSpecRunner.java:236)
	at org.spockframework.runtime.model.MethodInfo.invoke(MethodInfo.java:156)
	at org.spockframework.runtime.PlatformSpecRunner.invokeRaw(PlatformSpecRunner.java:407)
	at org.spockframework.runtime.PlatformSpecRunner.invoke(PlatformSpecRunner.java:390)
	at org.spockframework.runtime.PlatformSpecRunner.runIteration(PlatformSpecRunner.java:218)
	at org.spockframework.runtime.IterationNode.around(IterationNode.java:67)
	at org.spockframework.runtime.SimpleFeatureNode.lambda$around$0(SimpleFeatureNode.java:52)
	at org.spockframework.runtime.SpockNode.sneakyInvoke(SpockNode.java:40)
	at org.spockframework.runtime.FeatureNode.lambda$around$0(FeatureNode.java:41)
	at org.spockframework.runtime.PlatformSpecRunner.lambda$createMethodInfoForDoRunFeature$4(PlatformSpecRunner.java:199)
	at org.spockframework.runtime.model.MethodInfo.invoke(MethodInfo.java:156)
	at org.spockframework.runtime.PlatformSpecRunner.invokeRaw(PlatformSpecRunner.java:407)
	at org.spockframework.runtime.PlatformSpecRunner.invoke(PlatformSpecRunner.java:390)
	at org.spockframework.runtime.PlatformSpecRunner.runFeature(PlatformSpecRunner.java:192)
	at org.spockframework.runtime.FeatureNode.around(FeatureNode.java:41)
	at org.spockframework.runtime.SimpleFeatureNode.around(SimpleFeatureNode.java:52)
	at org.spockframework.runtime.SimpleFeatureNode.around(SimpleFeatureNode.java:15)
	at java.base/java.util.ArrayList.forEach(ArrayList.java:1596)
	at org.spockframework.runtime.SpockNode.sneakyInvoke(SpockNode.java:40)
	at org.spockframework.runtime.SpecNode.lambda$around$0(SpecNode.java:63)
	at org.spockframework.runtime.PlatformSpecRunner.lambda$createMethodInfoForDoRunSpec$0(PlatformSpecRunner.java:61)
	at org.spockframework.runtime.model.MethodInfo.invoke(MethodInfo.java:156)
	at org.spockframework.runtime.PlatformSpecRunner.invokeRaw(PlatformSpecRunner.java:407)
	at org.spockframework.runtime.PlatformSpecRunner.invoke(PlatformSpecRunner.java:390)
	at org.spockframework.runtime.PlatformSpecRunner.runSpec(PlatformSpecRunner.java:55)
	at org.spockframework.runtime.SpecNode.around(SpecNode.java:63)
	at org.spockframework.runtime.SpecNode.around(SpecNode.java:11)
	at java.base/java.util.ArrayList.forEach(ArrayList.java:1596)

com.example.DeliberateFailureSpec.old-value expression fails -- Time elapsed: 0.008 s <<< FAILURE!
Condition not satisfied:

items.size() == old(items.size())
|     |      |  |
|     4      |  3
[1, 2, 3, 4] false

	at com.example.DeliberateFailureSpec.old-value expression fails(DeliberateFailureSpec.groovy:330)

