<?xml version="1.0" encoding="UTF-8"?>
<testsuite xmlns:xsi="http://www.w3.org/2001/XMLSchema-instance" xsi:noNamespaceSchemaLocation="https://maven.apache.org/surefire/maven-surefire-plugin/xsd/surefire-test-report.xsd" version="3.0.2" name="com.example.DeliberateFailureSpec" time="0.301" tests="26" errors="0" skipped="2" failures="21">
  <properties>
[...]
</properties>
  <testcase name="simple equality fails" classname="com.example.DeliberateFailureSpec" time="0.163">
    <failure message="Condition not satisfied:&#10;&#10;1 + 1 == 3&#10;  |   |&#10;  2   false&#10;" type="Condition not satisfied"><![CDATA[Condition not satisfied:

1 + 1 == 3
  |   |
  2   false

	at com.example.DeliberateFailureSpec.simple equality fails(DeliberateFailureSpec.groovy:28)
]]></failure>
  </testcase>
  <testcase name="boolean condition fails" classname="com.example.DeliberateFailureSpec" time="0.016">
    <failure message="Condition not satisfied:&#10;&#10;text.startsWith(&quot;goodbye&quot;)&#10;|    |&#10;|    false&#10;hello world&#10;" type="Condition not satisfied"><![CDATA[Condition not satisfied:

text.startsWith("goodbye")
|    |
|    false
hello world

	at com.example.DeliberateFailureSpec.boolean condition fails(DeliberateFailureSpec.groovy:39)
]]></failure>
  </testcase>
  <testcase name="string comparison fails with diff" classname="com.example.DeliberateFailureSpec" time="0.002">
    <failure message="Condition not satisfied:&#10;&#10;actual == expected&#10;|      |  |&#10;|      |  The quick brown cat jumps over the lazy dog&#10;|      false&#10;|      3 differences (93% similarity)&#10;|      The quick brown (fox) jumps over the lazy dog&#10;|      The quick brown (cat) jumps over the lazy dog&#10;The quick brown fox jumps over the lazy dog&#10;" type="Condition not satisfied"><![CDATA[Condition not satisfied:

actual == expected
|      |  |
|      |  The quick brown cat jumps over the lazy dog
|      false
|      3 differences (93% similarity)
|      The quick brown (fox) jumps over the lazy dog
|      The quick brown (cat) jumps over the lazy dog
The quick brown fox jumps over the lazy dog

	at com.example.DeliberateFailureSpec.string comparison fails with diff(DeliberateFailureSpec.groovy:51)
]]></failure>
  </testcase>
  <testcase name="list comparison fails" classname="com.example.DeliberateFailureSpec" time="0.002">
    <failure message="Condition not satisfied:&#10;&#10;actual == expected&#10;|      |  |&#10;|      |  [1, 2, 99, 4, 5]&#10;|      false&#10;[1, 2, 3, 4, 5]&#10;" type="Condition not satisfied"><![CDATA[Condition not satisfied:

actual == expected
|      |  |
|      |  [1, 2, 99, 4, 5]
|      false
[1, 2, 3, 4, 5]

	at com.example.DeliberateFailureSpec.list comparison fails(DeliberateFailureSpec.groovy:63)
]]></failure>
  </testcase>
  <testcase name="map comparison fails" classname="com.example.DeliberateFailureSpec" time="0.001">
    <failure message="Condition not satisfied:&#10;&#10;actual == expected&#10;|      |  |&#10;|      |  [name:Alice, age:31, city:London]&#10;|      false&#10;[name:Alice, age:30, city:Paris]&#10;" type="Condition not satisfied"><![CDATA[Condition not satisfied:

actual == expected
|      |  |
|      |  [name:Alice, age:31, city:London]
|      false
[name:Alice, age:30, city:Paris]

	at com.example.DeliberateFailureSpec.map comparison fails(DeliberateFailureSpec.groovy:75)
]]></failure>
  </testcase>
  <testcase name="expected exception is not thrown" classname="com.example.DeliberateFailureSpec" time="0.005">
    <failure message="Expected exception of type &apos;java.lang.IllegalArgumentException&apos;, but no exception was thrown" type="Expected exception of type &apos;java.lang.IllegalArgumentException&apos;, but no exception was thrown&#10;	at org.spockframework.lang.SpecInternals.checkExceptionThrown(SpecInternals.java"><![CDATA[Expected exception of type 'java.lang.IllegalArgumentException', but no exception was thrown
	at org.spockframework.lang.SpecInternals.checkExceptionThrown(SpecInternals.java:84)
	at org.spockframework.lang.SpecInternals.thrownImpl(SpecInternals.java:71)
	at com.example.DeliberateFailureSpec.expected exception is not thrown(DeliberateFailureSpec.groovy:86)
]]></failure>
  </testcase>
  <testcase name="wrong exception type is thrown" classname="com.example.DeliberateFailureSpec" time="0.002">
    <failure message="Expected exception of type &apos;java.lang.IllegalArgumentException&apos;, but got &apos;java.lang.UnsupportedOperationException&apos;" type="Expected exception of type &apos;java.lang.IllegalArgumentException&apos;, but got &apos;java.lang.UnsupportedOperationException&apos;&#10;	at org.spockframework.lang.SpecInternals.checkExceptionThrown(SpecInternals.java"><![CDATA[Expected exception of type 'java.lang.IllegalArgumentException', but got 'java.lang.UnsupportedOperationException'
	at org.spockframework.lang.SpecInternals.checkExceptionThrown(SpecInternals.java:84)
	at org.spockframework.lang.SpecInternals.thrownImpl(SpecInternals.java:71)
	at com.example.DeliberateFailureSpec.wrong exception type is thrown(DeliberateFailureSpec.groovy:97)
Caused by: java.lang.UnsupportedOperationException: not supported
	at com.example.DeliberateFailureSpec.wrong exception type is thrown(DeliberateFailureSpec.groovy:94)
]]></failure>
  </testcase>
  <testcase name="exception message does not match" classname="com.example.DeliberateFailureSpec" time="0.003">
    <failure message="Condition not satisfied:&#10;&#10;e.message == &quot;invalid argument&quot;&#10;| |       |&#10;| |       false&#10;| |       15 differences (6% similarity)&#10;| |       (bad )in(put v-)a(l-)u(-)e(--)&#10;| |       (----)in(valid )a(rg)u(m)e(nt)&#10;| bad input value&#10;java.lang.IllegalArgumentException: bad input value&#10;	at com.example.DeliberateFailureSpec.$spock_feature_0_7(DeliberateFailureSpec.groovy:105)&#10;" type="Condition not satisfied"><![CDATA[Condition not satisfied:

e.message == "invalid argument"
| |       |
| |       false
| |       15 differences (6% similarity)
| |       (bad )in(put v-)a(l-)u(-)e(--)
| |       (----)in(valid )a(rg)u(m)e(nt)
| bad input value
java.lang.IllegalArgumentException: bad input value
	at com.example.DeliberateFailureSpec.$spock_feature_0_7(DeliberateFailureSpec.groovy:105)

	at com.example.DeliberateFailureSpec.exception message does not match(DeliberateFailureSpec.groovy:109)
]]></failure>
  </testcase>
  <testcase name="null value fails assertion" classname="com.example.DeliberateFailureSpec" time="0.001">
    <failure message="Condition not satisfied:&#10;&#10;value == &quot;expected non-null&quot;&#10;|     |&#10;null  false&#10;" type="Condition not satisfied"><![CDATA[Condition not satisfied:

value == "expected non-null"
|     |
null  false

	at com.example.DeliberateFailureSpec.null value fails assertion(DeliberateFailureSpec.groovy:120)
]]></failure>
  </testcase>
  <testcase name="empty collection is not truthy" classname="com.example.DeliberateFailureSpec" time="0.001">
    <failure message="Condition not satisfied:&#10;&#10;items&#10;|&#10;[]&#10;" type="Condition not satisfied"><![CDATA[Condition not satisfied:

items
|
[]

	at com.example.DeliberateFailureSpec.empty collection is not truthy(DeliberateFailureSpec.groovy:131)
]]></failure>
  </testcase>
  <testcase name="multiple conditions with first failing" classname="com.example.DeliberateFailureSpec" time="0.003">
    <failure message="Condition not satisfied:&#10;&#10;a &gt; b&#10;| | |&#10;10| 20&#10;  false&#10;" type="Condition not satisfied"><![CDATA[Condition not satisfied:

a > b
| | |
10| 20
  false

	at com.example.DeliberateFailureSpec.multiple conditions with first failing(DeliberateFailureSpec.groovy:143)
]]></failure>
  </testcase>
  <testcase name="data-driven all-fail: 2 squared is 5" classname="com.example.DeliberateFailureSpec" time="0.005">
    <failure message="Condition not satisfied:&#10;&#10;input * input == expected&#10;|     | |     |  |&#10;2     4 2     |  5&#10;              false&#10;" type="Condition not satisfied"><![CDATA[Condition not satisfied:

input * input == expected
|     | |     |  |
2     4 2     |  5
              false

	at com.example.DeliberateFailureSpec.data-driven all-fail: #input squared is #expected(DeliberateFailureSpec.groovy:171)
]]></failure>
  </testcase>
  <testcase name="data-driven all-fail: 3 squared is 10" classname="com.example.DeliberateFailureSpec" time="0.001">
    <failure message="Condition not satisfied:&#10;&#10;input * input == expected&#10;|     | |     |  |&#10;3     9 3     |  10&#10;              false&#10;" type="Condition not satisfied"><![CDATA[Condition not satisfied:

input * input == expected
|     | |     |  |
3     9 3     |  10
              false

	at com.example.DeliberateFailureSpec.data-driven all-fail: #input squared is #expected(DeliberateFailureSpec.groovy:171)
]]></failure>
  </testcase>
  <testcase name="data-driven all-fail: 4 squared is 20" classname="com.example.DeliberateFailureSpec" time="0.001">
    <failure message="Condition not satisfied:&#10;&#10;input * input == expected&#10;|     | |     |  |&#10;4     | 4     |  20&#10;      16      false&#10;" type="Condition not satisfied"><![CDATA[Condition not satisfied:

input * input == expected
|     | |     |  |
4     | 4     |  20
      16      false

	at com.example.DeliberateFailureSpec.data-driven all-fail: #input squared is #expected(DeliberateFailureSpec.groovy:171)
]]></failure>
  </testcase>
  <testcase name="data-driven all-fail: #input squared is #expected" classname="com.example.DeliberateFailureSpec" time="0.008"/>
  <testcase name="given-when-then block with then failing" classname="com.example.DeliberateFailureSpec" time="0.001">
    <failure message="Condition not satisfied:&#10;&#10;result == 99&#10;|      |&#10;30     false&#10;" type="Condition not satisfied"><![CDATA[Condition not satisfied:

result == 99
|      |
30     false

	at com.example.DeliberateFailureSpec.given-when-then block with then failing(DeliberateFailureSpec.groovy:191)
]]></failure>
  </testcase>
  <testcase name="mock interaction verification fails" classname="com.example.DeliberateFailureSpec" time="0.053">
    <failure message="Too few invocations for:&#10;&#10;1 * list.add(&quot;world&quot;)   (0 invocations)&#10;&#10;Unmatched invocations (ordered by similarity):&#10;&#10;1 * list.add(&apos;hello&apos;)&#10;One or more arguments(s) didn&apos;t match:&#10;0: argument == expected&#10;   |        |  |&#10;   hello    |  world&#10;            false&#10;            4 differences (20% similarity)&#10;            (hel)l(o)&#10;            (wor)l(d)&#10;&#10;" type="Too few invocations for"><![CDATA[Too few invocations for:

1 * list.add("world")   (0 invocations)

Unmatched invocations (ordered by similarity):

1 * list.add('hello')
One or more arguments(s) didn't match:
0: argument == expected
   |        |  |
   hello    |  world
            false
            4 differences (20% similarity)
            (hel)l(o)
            (wor)l(d)


	at org.spockframework.mock.runtime.InteractionScope.verifyInteractions(InteractionScope.java:104)
	at org.spockframework.mock.runtime.MockController.leaveScope(MockController.java:77)
	at com.example.DeliberateFailureSpec.mock interaction verification fails(DeliberateFailureSpec.groovy:202)
]]></failure>
  </testcase>
  <testcase name="mock expected more invocations than occurred" classname="com.example.DeliberateFailureSpec" time="0.0">
    <failure message="Too few invocations for:&#10;&#10;3 * list.add(&quot;item&quot;)   (1 invocation)&#10;&#10;Unmatched invocations (ordered by similarity):&#10;&#10;None&#10;&#10;" type="Too few invocations for"><![CDATA[Too few invocations for:

3 * list.add("item")   (1 invocation)

Unmatched invocations (ordered by similarity):

None


	at org.spockframework.mock.runtime.InteractionScope.verifyInteractions(InteractionScope.java:104)
	at org.spockframework.mock.runtime.MockController.leaveScope(MockController.java:77)
	at com.example.DeliberateFailureSpec.mock expected more invocations than occurred(DeliberateFailureSpec.groovy:216)
]]></failure>
  </testcase>
  <testcase name="this test deliberately passes" classname="com.example.DeliberateFailureSpec" time="0.0"/>
  <testcase name="another passing test for contrast" classname="com.example.DeliberateFailureSpec" time="0.0"/>
  <testcase name="type coercion fails at runtime" classname="com.example.DeliberateFailureSpec" time="0.001">
    <failure message="Expected no exception to be thrown, but got &apos;org.codehaus.groovy.runtime.typehandling.GroovyCastException&apos;" type="Expected no exception to be thrown, but got &apos;org.codehaus.groovy.runtime.typehandling.GroovyCastException&apos;&#10;	at spock.lang.Specification.noExceptionThrown(Specification.java"><![CDATA[Expected no exception to be thrown, but got 'org.codehaus.groovy.runtime.typehandling.GroovyCastException'
	at spock.lang.Specification.noExceptionThrown(Specification.java:118)
	at com.example.DeliberateFailureSpec.type coercion fails at runtime(DeliberateFailureSpec.groovy:255)
Caused by: org.codehaus.groovy.runtime.typehandling.GroovyCastException: Cannot cast object 'not a number' with class 'java.lang.String' to class 'java.lang.Integer'
	at com.example.DeliberateFailureSpec.type coercion fails at runtime(DeliberateFailureSpec.groovy:252)
]]></failure>
  </testcase>
  <testcase name="this test is skipped" classname="com.example.DeliberateFailureSpec" time="0.0">
    <skipped message="Deliberately skipped to test skip display"/>
  </testcase>
  <testcase name="pending feature that still fails" classname="com.example.DeliberateFailureSpec" time="0.0">
    <skipped type="org.opentest4j.TestAbortedException"><![CDATA[org.opentest4j.TestAbortedException: Feature not yet implemented correctly.
	at com.example.DeliberateFailureSpec.pending feature that still fails(DeliberateFailureSpec.groovy:273)
]]></skipped>
  </testcase>
  <testcase name="with block assertion fails" classname="com.example.DeliberateFailureSpec" time="0.008">
    <failure message="Condition not satisfied:&#10;&#10;name == &quot;Bob&quot;&#10;|    |&#10;|    false&#10;|    5 differences (0% similarity)&#10;|    (Alice)&#10;|    (Bob--)&#10;Alice&#10;" type="Condition not satisfied"><![CDATA[Condition not satisfied:

name == "Bob"
|    |
|    false
|    5 differences (0% similarity)
|    (Alice)
|    (Bob--)
Alice

	at com.example.DeliberateFailureSpec.with block assertion fails_closure1(DeliberateFailureSpec.groovy:285)
	at groovy.lang.Closure.call(Closure.java:433)
	at spock.lang.Specification.with(Specification.java:191)
	at com.example.DeliberateFailureSpec.with block assertion fails(DeliberateFailureSpec.groovy:284)
]]></failure>
  </testcase>
  <testcase name="verifyAll reports multiple failures at once" classname="com.example.DeliberateFailureSpec" time="0.004">
    <failure message="Multiple Failures (2 failures)&#10;	org.spockframework.runtime.SpockComparisonFailure: Condition not satisfied:&#10;&#10;name == &quot;Dave&quot;&#10;|    |&#10;|    false&#10;|    5 differences (28% similarity)&#10;|    (Ch)a(rli)e&#10;|    (D-)a(v--)e&#10;Charlie&#10;&#10;	org.spockframework.runtime.SpockComparisonFailure: Condition not satisfied:&#10;&#10;age  == 50&#10;|    |&#10;40   false&#10;" type="org.opentest4j.MultipleFailuresError"><![CDATA[org.opentest4j.MultipleFailuresError: 
Multiple Failures (2 failures)
	org.spockframework.runtime.SpockComparisonFailure: Condition not satisfied:

name == "Dave"
|    |
|    false
|    5 differences (28% similarity)
|    (Ch)a(rli)e
|    (D-)a(v--)e
Charlie

	org.spockframework.runtime.SpockComparisonFailure: Condition not satisfied:

age  == 50
|    |
40   false

	at org.spockframework.runtime.ErrorInfoCollector.assertEmpty(ErrorInfoCollector.java:32)
	at org.spockframework.runtime.IterationNode.execute(IterationNode.java:51)
	at org.spockframework.runtime.SimpleFeatureNode.execute(SimpleFeatureNode.java:58)
	at org.spockframework.runtime.SimpleFeatureNode.execute(SimpleFeatureNode.java:15)
	at org.spockframework.runtime.SpockNode.sneakyInvoke(SpockNode.java:40)
	at org.spockframework.runtime.IterationNode.lambda$around$0(IterationNode.java:67)
	at org.spockframework.runtime.PlatformSpecRunner.lambda$createMethodInfoForDoRunIteration$5(PlatformSpecRunner.java:236)
	at org.spockframework.runtime.model.MethodInfo.invoke(MethodInfo.java:156)
	at org.spockframework.runtime.PlatformSpecRunner.invokeRaw(PlatformSpecRunner.java:407)
	at org.spockframework.runtime.PlatformSpecRunner.invoke(PlatformSpecRunner.java:390)
	at org.spockframework.runtime.PlatformSpecRunner.runIteration(PlatformSpecRunner.java:218)
	at org.spockframework.runtime.IterationNode.around(IterationNode.java:67)
	at org.spockframework.runtime.SimpleFeatureNode.lambda$around$0(SimpleFeatureNode.java:52)
	at org.spockframework.runtime.SpockNode.sneakyInvoke(SpockNode.java:40)
	at org.spockframework.runtime.FeatureNode.lambda$around$0(FeatureNode.java:41)
	at org.spockframework.runtime.PlatformSpecRunner.lambda$createMethodInfoForDoRunFeature$4(PlatformSpecRunner.java:199)
	at org.spockframework.runtime.model.MethodInfo.invoke(MethodInfo.java:156)
	at org.spockframework.runtime.PlatformSpecRunner.invokeRaw(PlatformSpecRunner.java:407)
	at org.spockframework.runtime.PlatformSpecRunner.invoke(PlatformSpecRunner.java:390)
	at org.spockframework.runtime.PlatformSpecRunner.runFeature(PlatformSpecRunner.java:192)
	at org.spockframework.runtime.FeatureNode.around(FeatureNode.java:41)
	at org.spockframework.runtime.SimpleFeatureNode.around(SimpleFeatureNode.java:52)
	at org.spockframework.runtime.SimpleFeatureNode.around(SimpleFeatureNode.java:15)
	at java.base/java.util.ArrayList.forEach(ArrayList.java:1596)
	at org.spockframework.runtime.SpockNode.sneakyInvoke(SpockNode.java:40)
	at org.spockframework.runtime.SpecNode.lambda$around$0(SpecNode.java:63)
	at org.spockframework.runtime.PlatformSpecRunner.lambda$createMethodInfoForDoRunSpec$0(PlatformSpecRunner.java:61)
	at org.spockframework.runtime.model.MethodInfo.invoke(MethodInfo.java:156)
	at org.spockframework.runtime.PlatformSpecRunner.invokeRaw(PlatformSpecRunner.java:407)
	at org.spockframework.runtime.PlatformSpecRunner.invoke(PlatformSpecRunner.java:390)
	at org.spockframework.runtime.PlatformSpecRunner.runSpec(PlatformSpecRunner.java:55)
	at org.spockframework.runtime.SpecNode.around(SpecNode.java:63)
	at org.spockframework.runtime.SpecNode.around(SpecNode.java:11)
	at java.base/java.util.ArrayList.forEach(ArrayList.java:1596)
]]></failure>
  </testcase>
  <testcase name="old-value expression fails" classname="com.example.DeliberateFailureSpec" time="0.008">
    <failure message="Condition not satisfied:&#10;&#10;items.size() == old(items.size())&#10;|     |      |  |&#10;|     4      |  3&#10;[1, 2, 3, 4] false&#10;" type="Condition not satisfied"><![CDATA[Condition not satisfied:

items.size() == old(items.size())
|     |      |  |
|     4      |  3
[1, 2, 3, 4] false

	at com.example.DeliberateFailureSpec.old-value expression fails(DeliberateFailureSpec.groovy:330)
]]></failure>
  </testcase>
</testsuite>