<?xml version="1.0" encoding="UTF-8"?>
<testsuite xmlns:xsi="http://www.w3.org/2001/XMLSchema-instance" xsi:noNamespaceSchemaLocation="https://maven.apache.org/surefire/maven-surefire-plugin/xsd/surefire-test-report.xsd" version="3.0.2" name="com.example.IgnoredClassSpec" time="0.0" tests="2" errors="0" skipped="2" failures="0">
  <properties>
[...]
</properties>
  <testcase name="test one in ignored class" classname="com.example.IgnoredClassSpec" time="0.0">
    <skipped message="whole class disabled"/>
  </testcase>
  <testcase name="test two in ignored class" classname="com.example.IgnoredClassSpec" time="0.0">
    <skipped message="whole class disabled"/>
  </testcase>
</testsuite>